<?xml version="1.0" encoding="UTF-8"?>
<testng-results ignored="0" total="1" passed="1" failed="0" skipped="0">
  <reporter-output>
  </reporter-output>
  <suite started-at="2021-10-12T10:54:25 IST" name="Default suite" finished-at="2021-10-12T10:54:58 IST" duration-ms="32926">
    <groups>
    </groups>
    <test started-at="2021-10-12T10:54:25 IST" name="Default test" finished-at="2021-10-12T10:54:58 IST" duration-ms="32926">
      <class name="Testscript.testjava">
        <test-method signature="createOppertunites()[pri:0, instance:Testscript.testjava@d29f28]" started-at="2021-10-12T10:54:25 IST" name="createOppertunites" finished-at="2021-10-12T10:54:58 IST" duration-ms="32899" status="PASS">
          <reporter-output>
          </reporter-output>
        </test-method> <!-- createOppertunites -->
      </class> <!-- Testscript.testjava -->
    </test> <!-- Default test -->
  </suite> <!-- Default suite -->
</testng-results>
